# JRE version: Java(TM) SE Runtime Environment (8.0_251-b08) (build 1.8.0_251-b08)
# Java VM: Java HotSpot(TM) 64-Bit Server VM (25.251-b08 mixed mode windows-amd64 compressed oops)
Heap:
 PSYoungGen      total 605696K, used 228550K [0x00000000d5d00000, 0x00000000ff000000, 0x0000000100000000)
  eden space 602624K, 37% used [0x00000000d5d00000,0x00000000e39373e8,0x00000000fa980000)
  from space 3072K, 99% used [0x00000000fed00000,0x00000000feffa5d0,0x00000000ff000000)
  to   space 15872K, 0% used [0x00000000fd100000,0x00000000fd100000,0x00000000fe080000)
 ParOldGen       total 114176K, used 47851K [0x0000000081600000, 0x0000000088580000, 0x00000000d5d00000)
  object space 114176K, 41% used [0x0000000081600000,0x00000000844baf38,0x0000000088580000)
 Metaspace       used 79353K, capacity 83670K, committed 83928K, reserved 1122304K
  class space    used 10181K, capacity 10965K, committed 11008K, reserved 1048576K
GC Heap History (10 events):
Event: 546.354 GC heap before
{Heap before GC invocations=37 (full 7):
 PSYoungGen      total 663552K, used 655360K [0x00000000d5d00000, 0x00000000ffd00000, 0x0000000100000000)
  eden space 655360K, 100% used [0x00000000d5d00000,0x00000000fdd00000,0x00000000fdd00000)
  from space 8192K, 0% used [0x00000000fdd00000,0x00000000fdd00000,0x00000000fe500000)
  to   space 16384K, 0% used [0x00000000fed00000,0x00000000fed00000,0x00000000ffd00000)
 ParOldGen       total 114176K, used 39459K [0x0000000081600000, 0x0000000088580000, 0x00000000d5d00000)
  object space 114176K, 34% used [0x0000000081600000,0x0000000083c88f08,0x0000000088580000)
 Metaspace       used 78669K, capacity 82902K, committed 83160K, reserved 1122304K
  class space    used 10113K, capacity 10883K, committed 11008K, reserved 1048576K
Event: 546.361 GC heap after
Heap after GC invocations=37 (full 7):
 PSYoungGen      total 672256K, used 7917K [0x00000000d5d00000, 0x0000000100000000, 0x0000000100000000)
  eden space 655872K, 0% used [0x00000000d5d00000,0x00000000d5d00000,0x00000000fdd80000)
  from space 16384K, 48% used [0x00000000fed00000,0x00000000ff4bb718,0x00000000ffd00000)
  to   space 15872K, 0% used [0x00000000fdd80000,0x00000000fdd80000,0x00000000fed00000)
 ParOldGen       total 114176K, used 39467K [0x0000000081600000, 0x0000000088580000, 0x00000000d5d00000)
  object space 114176K, 34% used [0x0000000081600000,0x0000000083c8af08,0x0000000088580000)
 Metaspace       used 78669K, capacity 82902K, committed 83160K, reserved 1122304K
  class space    used 10113K, capacity 10883K, committed 11008K, reserved 1048576K
}
Event: 560.907 GC heap before
{Heap before GC invocations=38 (full 7):
 PSYoungGen      total 672256K, used 663789K [0x00000000d5d00000, 0x0000000100000000, 0x0000000100000000)
  eden space 655872K, 100% used [0x00000000d5d00000,0x00000000fdd80000,0x00000000fdd80000)
  from space 16384K, 48% used [0x00000000fed00000,0x00000000ff4bb718,0x00000000ffd00000)
  to   space 15872K, 0% used [0x00000000fdd80000,0x00000000fdd80000,0x00000000fed00000)
 ParOldGen       total 114176K, used 39467K [0x0000000081600000, 0x0000000088580000, 0x00000000d5d00000)
  object space 114176K, 34% used [0x0000000081600000,0x0000000083c8af08,0x0000000088580000)
 Metaspace       used 79110K, capacity 83384K, committed 83672K, reserved 1122304K
  class space    used 10165K, capacity 10959K, committed 11008K, reserved 1048576K
Event: 560.916 GC heap after
Heap after GC invocations=38 (full 7):
 PSYoungGen      total 671744K, used 9021K [0x00000000d5d00000, 0x00000000ffe80000, 0x0000000100000000)
  eden space 655872K, 0% used [0x00000000d5d00000,0x00000000d5d00000,0x00000000fdd80000)
  from space 15872K, 56% used [0x00000000fdd80000,0x00000000fe64f468,0x00000000fed00000)
  to   space 15360K, 0% used [0x00000000fef80000,0x00000000fef80000,0x00000000ffe80000)
 ParOldGen       total 114176K, used 39467K [0x0000000081600000, 0x0000000088580000, 0x00000000d5d00000)
  object space 114176K, 34% used [0x0000000081600000,0x0000000083c8af08,0x0000000088580000)
 Metaspace       used 79110K, capacity 83384K, committed 83672K, reserved 1122304K
  class space    used 10165K, capacity 10959K, committed 11008K, reserved 1048576K
}
Event: 596.162 GC heap before
{Heap before GC invocations=39 (full 7):
 PSYoungGen      total 671744K, used 664893K [0x00000000d5d00000, 0x00000000ffe80000, 0x0000000100000000)
  eden space 655872K, 100% used [0x00000000d5d00000,0x00000000fdd80000,0x00000000fdd80000)
  from space 15872K, 56% used [0x00000000fdd80000,0x00000000fe64f468,0x00000000fed00000)
  to   space 15360K, 0% used [0x00000000fef80000,0x00000000fef80000,0x00000000ffe80000)
 ParOldGen       total 114176K, used 39467K [0x0000000081600000, 0x0000000088580000, 0x00000000d5d00000)
  object space 114176K, 34% used [0x0000000081600000,0x0000000083c8af08,0x0000000088580000)
 Metaspace       used 79347K, capacity 83664K, committed 83928K, reserved 1122304K
  class space    used 10180K, capacity 10963K, committed 11008K, reserved 1048576K
Event: 596.168 GC heap after
Heap after GC invocations=39 (full 7):
 PSYoungGen      total 674816K, used 9772K [0x00000000d5d00000, 0x00000000ffe80000, 0x0000000100000000)
  eden space 659456K, 0% used [0x00000000d5d00000,0x00000000d5d00000,0x00000000fe100000)
  from space 15360K, 63% used [0x00000000fef80000,0x00000000ff90b3a0,0x00000000ffe80000)
  to   space 14848K, 0% used [0x00000000fe100000,0x00000000fe100000,0x00000000fef80000)
 ParOldGen       total 114176K, used 39475K [0x0000000081600000, 0x0000000088580000, 0x00000000d5d00000)
  object space 114176K, 34% used [0x0000000081600000,0x0000000083c8cf08,0x0000000088580000)
 Metaspace       used 79347K, capacity 83664K, committed 83928K, reserved 1122304K
  class space    used 10180K, capacity 10963K, committed 11008K, reserved 1048576K
}
Event: 634.585 GC heap before
{Heap before GC invocations=40 (full 7):
 PSYoungGen      total 674816K, used 669228K [0x00000000d5d00000, 0x00000000ffe80000, 0x0000000100000000)
  eden space 659456K, 100% used [0x00000000d5d00000,0x00000000fe100000,0x00000000fe100000)
  from space 15360K, 63% used [0x00000000fef80000,0x00000000ff90b3a0,0x00000000ffe80000)
  to   space 14848K, 0% used [0x00000000fe100000,0x00000000fe100000,0x00000000fef80000)
 ParOldGen       total 114176K, used 39475K [0x0000000081600000, 0x0000000088580000, 0x00000000d5d00000)
  object space 114176K, 34% used [0x0000000081600000,0x0000000083c8cf08,0x0000000088580000)
 Metaspace       used 79347K, capacity 83664K, committed 83928K, reserved 1122304K
  class space    used 10180K, capacity 10963K, committed 11008K, reserved 1048576K
Event: 634.592 GC heap after
Heap after GC invocations=40 (full 7):
 PSYoungGen      total 642560K, used 11977K [0x00000000d5d00000, 0x00000000ff000000, 0x0000000100000000)
  eden space 630272K, 0% used [0x00000000d5d00000,0x00000000d5d00000,0x00000000fc480000)
  from space 12288K, 97% used [0x00000000fe100000,0x00000000fecb2610,0x00000000fed00000)
  to   space 3072K, 0% used [0x00000000fed00000,0x00000000fed00000,0x00000000ff000000)
 ParOldGen       total 114176K, used 39475K [0x0000000081600000, 0x0000000088580000, 0x00000000d5d00000)
  object space 114176K, 34% used [0x0000000081600000,0x0000000083c8cf08,0x0000000088580000)
 Metaspace       used 79347K, capacity 83664K, committed 83928K, reserved 1122304K
  class space    used 10180K, capacity 10963K, committed 11008K, reserved 1048576K
}
Event: 671.046 GC heap before
{Heap before GC invocations=41 (full 7):
 PSYoungGen      total 642560K, used 642249K [0x00000000d5d00000, 0x00000000ff000000, 0x0000000100000000)
  eden space 630272K, 100% used [0x00000000d5d00000,0x00000000fc480000,0x00000000fc480000)
  from space 12288K, 97% used [0x00000000fe100000,0x00000000fecb2610,0x00000000fed00000)
  to   space 3072K, 0% used [0x00000000fed00000,0x00000000fed00000,0x00000000ff000000)
 ParOldGen       total 114176K, used 39475K [0x0000000081600000, 0x0000000088580000, 0x00000000d5d00000)
  object space 114176K, 34% used [0x0000000081600000,0x0000000083c8cf08,0x0000000088580000)
 Metaspace       used 79347K, capacity 83664K, committed 83928K, reserved 1122304K
  class space    used 10180K, capacity 10963K, committed 11008K, reserved 1048576K
Event: 671.053 GC heap after
Heap after GC invocations=41 (full 7):
 PSYoungGen      total 605696K, used 3049K [0x00000000d5d00000, 0x00000000ff000000, 0x0000000100000000)
  eden space 602624K, 0% used [0x00000000d5d00000,0x00000000d5d00000,0x00000000fa980000)
  from space 3072K, 99% used [0x00000000fed00000,0x00000000feffa5d0,0x00000000ff000000)
  to   space 15872K, 0% used [0x00000000fd100000,0x00000000fd100000,0x00000000fe080000)
 ParOldGen       total 114176K, used 47851K [0x0000000081600000, 0x0000000088580000, 0x00000000d5d00000)
  object space 114176K, 41% used [0x0000000081600000,0x00000000844baf38,0x0000000088580000)
 Metaspace       used 79347K, capacity 83664K, committed 83928K, reserved 1122304K
  class space    used 10180K, capacity 10963K, committed 11008K, reserved 1048576K
}

